<?xml version="1.0" encoding="UTF-8"?>
<!-- Generated by org.testng.reporters.JUnitReportReporter -->
<testsuite hostname="LAPTOP-SSQPGT4E" failures="0" tests="3" name="techlearning.TestComponents.RBCTest2" time="26.153" errors="0" timestamp="22 Mar 2023 19:11:33 GMT" skipped="0">
  <testcase classname="techlearning.TestComponents.RBCTest2" name="rbcTest2" time="13.209"/>
  <testcase classname="techlearning.TestComponents.RBCTest2" name="rbcTest2" time="6.251"/>
  <testcase classname="techlearning.TestComponents.RBCTest2" name="rbcTest2" time="6.693"/>
</testsuite> <!-- techlearning.TestComponents.RBCTest2 -->
