<?xml version="1.0" encoding="UTF-8"?>
<!-- Generated by org.testng.reporters.JUnitReportReporter -->
<testsuite hostname="DESKTOP-M1CVVIE" failures="0" tests="1" name="techlearning.TestComponents.RBCTest1" time="27.235" errors="0" timestamp="2023-10-01T11:26:36 EDT" skipped="0">
  <testcase classname="techlearning.TestComponents.RBCTest1" name="rbcTest" time="27.235"/>
</testsuite> <!-- techlearning.TestComponents.RBCTest1 -->
