<?xml version="1.0" encoding="UTF-8"?>
<!-- Generated by org.testng.reporters.JUnitReportReporter -->
<testsuite hostname="DESKTOP-M1CVVIE" failures="0" tests="1" name="techlearning.TestComponents.RBCTest4" time="10.383" errors="0" timestamp="2023-10-01T09:42:23 EDT" skipped="0">
  <testcase classname="techlearning.TestComponents.RBCTest4" name="rbcTest" time="10.383"/>
</testsuite> <!-- techlearning.TestComponents.RBCTest4 -->
