<?xml version="1.0" encoding="UTF-8"?>
<!-- Generated by org.testng.reporters.JUnitReportReporter -->
<testsuite hostname="DESKTOP-M1CVVIE" failures="0" tests="1" name="techlearning.TestComponents.TDTest" time="32.787" errors="0" timestamp="2023-10-13T16:13:04 EDT" skipped="0">
  <testcase classname="techlearning.TestComponents.TDTest" name="rbcTest" time="32.787"/>
</testsuite> <!-- techlearning.TestComponents.TDTest -->
