<?xml version="1.0" encoding="UTF-8"?>
<!-- Generated by org.testng.reporters.JUnitReportReporter -->
<testsuite hostname="DESKTOP-8E4954A" failures="0" tests="3" name="rahulshettyacademy.TestComponents.RBCTest2" time="89.860" errors="0" timestamp="21 Nov. 2022 23:53:25 GMT" skipped="0">
  <testcase classname="rahulshettyacademy.TestComponents.RBCTest2" name="submitOrder" time="27.083"/>
  <testcase classname="rahulshettyacademy.TestComponents.RBCTest2" name="submitOrder" time="35.504"/>
  <testcase classname="rahulshettyacademy.TestComponents.RBCTest2" name="submitOrder" time="27.273"/>
</testsuite> <!-- rahulshettyacademy.TestComponents.RBCTest2 -->
