<?xml version="1.0" encoding="UTF-8"?>
<!-- Generated by org.testng.reporters.JUnitReportReporter -->
<testsuite hostname="LAPTOP-SSQPGT4E" failures="0" tests="3" name="techlearning.TestComponents.RBCTest2" time="23.108" errors="0" timestamp="21 Mar 2023 15:13:33 GMT" skipped="0">
  <testcase classname="techlearning.TestComponents.RBCTest2" name="rbcTest2" time="6.606"/>
  <testcase classname="techlearning.TestComponents.RBCTest2" name="rbcTest2" time="5.933"/>
  <testcase classname="techlearning.TestComponents.RBCTest2" name="rbcTest2" time="10.569"/>
</testsuite> <!-- techlearning.TestComponents.RBCTest2 -->
